<?xml version="1.0" encoding="UTF-8"?>
<!-- Generated by org.testng.reporters.JUnitReportReporter -->
<testsuite hostname="DESKTOP-V1N7MOA" failures="0" tests="1" name="com.inetbanking.testCases.TC_LoginDDT_002" time="11.255" errors="0" timestamp="10 Dec 2023 09:58:33 GMT" skipped="0">
  <testcase classname="com.inetbanking.testCases.TC_LoginDDT_002" name="loginDDT" time="11.255"/>
</testsuite> <!-- com.inetbanking.testCases.TC_LoginDDT_002 -->
